WARNING:imageio_ffmpeg:IMAGEIO FFMPEG_WRITER WARNING: input image is not divisible by macro_block_size=16, resizing from (498, 306) to (512, 320) to ensure video compatibility with most codecs and players. To prevent resizing, make your input image divisible by the macro_block_size or set the macro_block_size to 1 (risking incompatibility).
WARNING:imageio_ffmpeg:IMAGEIO FFMPEG_WRITER WARNING: input image is not divisible by macro_block_size=16, resizing from (498, 306) to (512, 320) to ensure video compatibility with most codecs and players. To prevent resizing, make your input image divisible by the macro_block_size or set the macro_block_size to 1 (risking incompatibility).
INFO:root:Main : 07/02/2021 18:31:43Creation de l'objet thread pour le floutage de plusieurs video, dans le main
INFO:root:Thread : 07/02/2021 18:31:43Creation d"un thread
INFO:root:Thread : 07/02/2021 18:31:43Creation d"un thread
INFO:root:Thread : 07/02/2021 18:31:43Fin d"un thread
INFO:root:Thread : 07/02/2021 18:31:43Fin d"un thread
INFO:root:Main : 07/02/2021 18:32:54Creation de l'objet thread pour le floutage de plusieurs video, dans le main
INFO:root:Thread : 07/02/2021 18:32:54Creation d"un thread
INFO:root:Thread : 07/02/2021 18:32:54Creation d"un thread
INFO:root:Thread : 07/02/2021 18:32:54Fin d"un thread
INFO:root:Thread : 07/02/2021 18:32:54Fin d"un thread
INFO:root:Main : 07/02/2021 18:34:21Creation de l'objet thread pour le floutage de plusieurs video, dans le main
INFO:root:Thread : 07/02/2021 18:34:21Creation d"un thread
INFO:root:Thread : 07/02/2021 18:34:21Creation d"un thread
INFO:root:Thread : 07/02/2021 18:34:22Fin d"un thread
INFO:root:Thread : 07/02/2021 18:34:22Fin d"un thread
INFO:root:Main : 07/02/2021 18:36:04Creation de l'objet thread pour le floutage de plusieurs video, dans le main
INFO:root:Thread : 07/02/2021 18:36:04Creation d"un thread
INFO:root:Thread : 07/02/2021 18:36:04Creation d"un thread
WARNING:imageio_ffmpeg:IMAGEIO FFMPEG_WRITER WARNING: input image is not divisible by macro_block_size=16, resizing from (498, 306) to (512, 320) to ensure video compatibility with most codecs and players. To prevent resizing, make your input image divisible by the macro_block_size or set the macro_block_size to 1 (risking incompatibility).
INFO:root:Thread : 07/02/2021 18:36:11Fin d"un thread
INFO:root:Thread : 07/02/2021 18:37:00Fin d"un thread
INFO:root:Main : 24/02/2021 21:23:29 : Creation de l'objet thread pour le floutage d'une video, dans le main
INFO:root:24/02/2021 21:23:29Creation d"un thread
INFO:root:Main : 25/02/2021 09:16:40 : Creation de l'objet thread pour le floutage d'une video, dans le main
INFO:root:25/02/2021 09:16:40Creation d"un thread
INFO:root:Main : 25/02/2021 09:34:02 : Creation de l'objet thread pour le floutage d'une video, dans le main
INFO:root:25/02/2021 09:34:02Creation d"un thread
INFO:root:Thread : 25/02/2021 09:34:05Fin d"un thread
INFO:root:Main : 25/02/2021 09:34:11 : Creation de l'objet thread pour le floutage d'une video, dans le main
INFO:root:25/02/2021 09:34:11Creation d"un thread
INFO:root:Thread : 25/02/2021 09:34:13Fin d"un thread
INFO:root:Main : 25/02/2021 09:34:24 : Creation de l'objet thread pour le floutage d'une video, dans le main
INFO:root:25/02/2021 09:34:24Creation d"un thread
INFO:root:Main : 25/02/2021 09:34:25 : Creation de l'objet thread pour le floutage d'une video, dans le main
INFO:root:25/02/2021 09:34:25Creation d"un thread
INFO:root:Main : 25/02/2021 09:34:26 : Creation de l'objet thread pour le floutage d'une video, dans le main
INFO:root:25/02/2021 09:34:26Creation d"un thread
INFO:root:Thread : 25/02/2021 09:34:31Fin d"un thread
INFO:root:Thread : 25/02/2021 09:34:31Fin d"un thread
INFO:root:Thread : 25/02/2021 09:34:32Fin d"un thread
